        -:    0:Source:dominion.c
        -:    0:Graph:dominion.gcno
        -:    0:Data:dominion.gcda
        -:    0:Runs:4
        -:    0:Programs:4
        -:    1:#include "dominion.h"
        -:    2:#include "dominion_helpers.h"
        -:    3:#include "rngs.h"
        -:    4:#include <stdio.h>
        -:    5:#include <math.h>
        -:    6:#include <stdlib.h>
        -:    7:
      795:    8:int compare(const void* a, const void* b) {
      795:    9:  if (*(int*)a > *(int*)b)
    #####:   10:    return 1;
      795:   11:  if (*(int*)a < *(int*)b)
      212:   12:    return -1;
      583:   13:  return 0;
        -:   14:}
        -:   15:
    #####:   16:struct gameState* newGame() {
    #####:   17:  struct gameState* g = malloc(sizeof(struct gameState));
    #####:   18:  return g;
        -:   19:}
        -:   20:
    #####:   21:int* kingdomCards(int k1, int k2, int k3, int k4, int k5, int k6, int k7,
        -:   22:		  int k8, int k9, int k10) {
    #####:   23:  int* k = malloc(10 * sizeof(int));
    #####:   24:  k[0] = k1;
    #####:   25:  k[1] = k2;
    #####:   26:  k[2] = k3;
    #####:   27:  k[3] = k4;
    #####:   28:  k[4] = k5;
    #####:   29:  k[5] = k6;
    #####:   30:  k[6] = k7;
    #####:   31:  k[7] = k8;
    #####:   32:  k[8] = k9;
    #####:   33:  k[9] = k10;
    #####:   34:  return k;
        -:   35:}
        -:   36:
       19:   37:int initializeGame(int numPlayers, int kingdomCards[10], int randomSeed,
        -:   38:		   struct gameState *state) {
        -:   39:
        -:   40:  int i;
        -:   41:  int j;
        -:   42:  int it;			
        -:   43:  //set up random number generator
       19:   44:  SelectStream(1);
       19:   45:  PutSeed((long)randomSeed);
        -:   46:  
        -:   47:  //check number of players
       19:   48:  if (numPlayers > MAX_PLAYERS || numPlayers < 2)
        -:   49:    {
    #####:   50:      return -1;
        -:   51:    }
        -:   52:
        -:   53:  //set number of players
       19:   54:  state->numPlayers = numPlayers;
        -:   55:
        -:   56:  //check selected kingdom cards are different
      209:   57:  for (i = 0; i < 10; i++)
        -:   58:    {
     2090:   59:      for (j = 0; j < 10; j++)
        -:   60:        {
     1900:   61:	  if (j != i && kingdomCards[j] == kingdomCards[i])
        -:   62:	    {
    #####:   63:	      return -1;
        -:   64:	    }
        -:   65:        }
        -:   66:    }
        -:   67:
        -:   68:
        -:   69:  //initialize supply
        -:   70:  ///////////////////////////////
        -:   71:
        -:   72:  //set number of Curse cards
       19:   73:  if (numPlayers == 2)
        -:   74:    {
        9:   75:      state->supplyCount[curse] = 10;
        -:   76:    }
       10:   77:  else if (numPlayers == 3)
        -:   78:    {
        5:   79:      state->supplyCount[curse] = 20;
        -:   80:    }
        -:   81:  else
        -:   82:    {
        5:   83:      state->supplyCount[curse] = 30;
        -:   84:    }
        -:   85:
        -:   86:  //set number of Victory cards
       19:   87:  if (numPlayers == 2)
        -:   88:    {
        9:   89:      state->supplyCount[estate] = 8;
        9:   90:      state->supplyCount[duchy] = 8;
        9:   91:      state->supplyCount[province] = 8;
        -:   92:    }
        -:   93:  else
        -:   94:    {
       10:   95:      state->supplyCount[estate] = 12;
       10:   96:      state->supplyCount[duchy] = 12;
       10:   97:      state->supplyCount[province] = 12;
        -:   98:    }
        -:   99:
        -:  100:  //set number of Treasure cards
       19:  101:  state->supplyCount[copper] = 60 - (7 * numPlayers);
       19:  102:  state->supplyCount[silver] = 40;
       19:  103:  state->supplyCount[gold] = 30;
        -:  104:
        -:  105:  //set number of Kingdom cards
      399:  106:  for (i = adventurer; i <= treasure_map; i++)       	//loop all cards
        -:  107:  {
     3135:  108:	for (j = 0; j < 10; j++)           		//loop chosen cards
        -:  109:	{
     2945:  110:		if (kingdomCards[j] == i)
        -:  111:		{
        -:  112:	      //check if card is a 'Victory' Kingdom card
      190:  113:			if (kingdomCards[j] == great_hall || kingdomCards[j] == gardens)
        -:  114:			{
       76:  115:				if (numPlayers == 2){ 
       18:  116:					state->supplyCount[i] = 8; 
        -:  117:				}
       20:  118:				else{ state->supplyCount[i] = 12; }
        -:  119:			}
        -:  120:			else
        -:  121:			{
      152:  122:				state->supplyCount[i] = 10;
        -:  123:			}
      190:  124:			break;
        -:  125:		}
        -:  126:		else    //card is not in the set choosen for the game
        -:  127:	    {
     2755:  128:			state->supplyCount[i] = -1;
        -:  129:	    }
        -:  130:	}
        -:  131:
        -:  132:  }
        -:  133:
        -:  134:  ////////////////////////
        -:  135:  //supply intilization complete
        -:  136:
        -:  137:  //set player decks
       72:  138:  for (i = 0; i < numPlayers; i++)
        -:  139:    {
       53:  140:      state->deckCount[i] = 0;
      212:  141:      for (j = 0; j < 3; j++)
        -:  142:	{
      159:  143:	  state->deck[i][j] = estate;
      159:  144:	  state->deckCount[i]++;
        -:  145:	}
      424:  146:      for (j = 3; j < 10; j++)
        -:  147:	{
      371:  148:	  state->deck[i][j] = copper;
      371:  149:	  state->deckCount[i]++;		
        -:  150:	}
        -:  151:    }
        -:  152:
        -:  153:  //shuffle player decks
       72:  154:  for (i = 0; i < numPlayers; i++)
        -:  155:    {
       53:  156:      if ( shuffle(i, state) < 0 )
        -:  157:	{
    #####:  158:	  return -1;
        -:  159:	}
        -:  160:    }
        -:  161:
        -:  162:  //draw player hands
       72:  163:  for (i = 0; i < numPlayers; i++)
        -:  164:    {  
        -:  165:      //initialize hand size to zero
       53:  166:      state->handCount[i] = 0;
       53:  167:      state->discardCount[i] = 0;
        -:  168:      //draw 5 cards
        -:  169:      // for (j = 0; j < 5; j++)
        -:  170:      //	{
        -:  171:      //	  drawCard(i, state);
        -:  172:      //	}
        -:  173:    }
        -:  174:  
        -:  175:  //set embargo tokens to 0 for all supply piles
      532:  176:  for (i = 0; i <= treasure_map; i++)
        -:  177:    {
      513:  178:      state->embargoTokens[i] = 0;
        -:  179:    }
        -:  180:
        -:  181:  //initialize first player's turn
       19:  182:  state->outpostPlayed = 0;
       19:  183:  state->phase = 0;
       19:  184:  state->numActions = 1;
       19:  185:  state->numBuys = 1;
       19:  186:  state->playedCardCount = 0;
       19:  187:  state->whoseTurn = 0;
       19:  188:  state->handCount[state->whoseTurn] = 0;
        -:  189:  //int it; move to top
        -:  190:
        -:  191:  //Moved draw cards to here, only drawing at the start of a turn
      114:  192:  for (it = 0; it < 5; it++){
       95:  193:    drawCard(state->whoseTurn, state);
        -:  194:  }
        -:  195:
       19:  196:  updateCoins(state->whoseTurn, state, 0);
        -:  197:
       19:  198:  return 0;
        -:  199:}
        -:  200:
       53:  201:int shuffle(int player, struct gameState *state) {
        -:  202: 
        -:  203:
        -:  204:  int newDeck[MAX_DECK];
       53:  205:  int newDeckPos = 0;
        -:  206:  int card;
        -:  207:  int i;
        -:  208:
       53:  209:  if (state->deckCount[player] < 1)
    #####:  210:    return -1;
       53:  211:  qsort ((void*)(state->deck[player]), state->deckCount[player], sizeof(int), compare); 
        -:  212:  /* SORT CARDS IN DECK TO ENSURE DETERMINISM! */
        -:  213:
      636:  214:  while (state->deckCount[player] > 0) {
      530:  215:    card = floor(Random() * state->deckCount[player]);
      530:  216:    newDeck[newDeckPos] = state->deck[player][card];
      530:  217:    newDeckPos++;
     1824:  218:    for (i = card; i < state->deckCount[player]-1; i++) {
     1294:  219:      state->deck[player][i] = state->deck[player][i+1];
        -:  220:    }
      530:  221:    state->deckCount[player]--;
        -:  222:  }
      583:  223:  for (i = 0; i < newDeckPos; i++) {
      530:  224:    state->deck[player][i] = newDeck[i];
      530:  225:    state->deckCount[player]++;
        -:  226:  }
        -:  227:
       53:  228:  return 0;
        -:  229:}
        -:  230:
    #####:  231:int playCard(int handPos, int choice1, int choice2, int choice3, struct gameState *state) 
        -:  232:{	
        -:  233:  int card;
    #####:  234:  int coin_bonus = 0; 		//tracks coins gain from actions
        -:  235:
        -:  236:  //check if it is the right phase
    #####:  237:  if (state->phase != 0)
        -:  238:    {
    #####:  239:      return -1;
        -:  240:    }
        -:  241:	
        -:  242:  //check if player has enough actions
    #####:  243:  if ( state->numActions < 1 )
        -:  244:    {
    #####:  245:      return -1;
        -:  246:    }
        -:  247:	
        -:  248:  //get card played
    #####:  249:  card = handCard(handPos, state);
        -:  250:	
        -:  251:  //check if selected card is an action
    #####:  252:  if ( card < adventurer || card > treasure_map )
        -:  253:    {
    #####:  254:      return -1;
        -:  255:    }
        -:  256:	
        -:  257:  //play card
    #####:  258:  if ( cardEffect(card, choice1, choice2, choice3, state, handPos, &coin_bonus) < 0 )
        -:  259:    {
    #####:  260:      return -1;
        -:  261:    }
        -:  262:	
        -:  263:  //reduce number of actions
    #####:  264:  state->numActions--;
        -:  265:
        -:  266:  //update coins (Treasure cards may be added with card draws)
    #####:  267:  updateCoins(state->whoseTurn, state, coin_bonus);
        -:  268:	
    #####:  269:  return 0;
        -:  270:}
        -:  271:
    #####:  272:int buyCard(int supplyPos, struct gameState *state) {
        -:  273:  int who;
        -:  274:  if (DEBUG){
        -:  275:    printf("Entering buyCard...\n");
        -:  276:  }
        -:  277:
        -:  278:  // I don't know what to do about the phase thing.
        -:  279:
    #####:  280:  who = state->whoseTurn;
        -:  281:
    #####:  282:  if (state->numBuys < 1){
        -:  283:    if (DEBUG)
        -:  284:      printf("You do not have any buys left\n");
    #####:  285:    return -1;
    #####:  286:  } else if (supplyCount(supplyPos, state) <1){
        -:  287:    if (DEBUG)
        -:  288:      printf("There are not any of that type of card left\n");
    #####:  289:    return -1;
    #####:  290:  } else if (state->coins < getCost(supplyPos)){
        -:  291:    if (DEBUG) 
        -:  292:      printf("You do not have enough money to buy that. You have %d coins.\n", state->coins);
    #####:  293:    return -1;
        -:  294:  } else {
    #####:  295:    state->phase=1;
        -:  296:    //state->supplyCount[supplyPos]--;
    #####:  297:    gainCard(supplyPos, state, 0, who); //card goes in discard, this might be wrong.. (2 means goes into hand, 0 goes into discard)
        -:  298:  
    #####:  299:    state->coins = (state->coins) - (getCost(supplyPos));
    #####:  300:    state->numBuys--;
        -:  301:    if (DEBUG)
        -:  302:      printf("You bought card number %d for %d coins. You now have %d buys and %d coins.\n", supplyPos, getCost(supplyPos), state->numBuys, state->coins);
        -:  303:  }
        -:  304:
        -:  305:  //state->discard[who][state->discardCount[who]] = supplyPos;
        -:  306:  //state->discardCount[who]++;
        -:  307:    
    #####:  308:  return 0;
        -:  309:}
        -:  310:
    #####:  311:int numHandCards(struct gameState *state) {
    #####:  312:  return state->handCount[ whoseTurn(state) ];
        -:  313:}
        -:  314:
    #####:  315:int handCard(int handPos, struct gameState *state) {
    #####:  316:  int currentPlayer = whoseTurn(state);
    #####:  317:  return state->hand[currentPlayer][handPos];
        -:  318:}
        -:  319:
      515:  320:int supplyCount(int card, struct gameState *state) {
      515:  321:  return state->supplyCount[card];
        -:  322:}
        -:  323:
    #####:  324:int fullDeckCount(int player, int card, struct gameState *state) {
        -:  325:  int i;
    #####:  326:  int count = 0;
        -:  327:
    #####:  328:  for (i = 0; i < state->deckCount[player]; i++)
        -:  329:    {
    #####:  330:      if (state->deck[player][i] == card) count++;
        -:  331:    }
        -:  332:
    #####:  333:  for (i = 0; i < state->handCount[player]; i++)
        -:  334:    {
    #####:  335:      if (state->hand[player][i] == card) count++;
        -:  336:    }
        -:  337:
    #####:  338:  for (i = 0; i < state->discardCount[player]; i++)
        -:  339:    {
    #####:  340:      if (state->discard[player][i] == card) count++;
        -:  341:    }
        -:  342:
    #####:  343:  return count;
        -:  344:}
        -:  345:
    #####:  346:int whoseTurn(struct gameState *state) {
    #####:  347:  return state->whoseTurn;
        -:  348:}
        -:  349:
    #####:  350:int endTurn(struct gameState *state) {
        -:  351:  int k;
        -:  352:  int i;
    #####:  353:  int currentPlayer = whoseTurn(state);
        -:  354:  
        -:  355:  //Discard hand
    #####:  356:  for (i = 0; i < state->handCount[currentPlayer]; i++){
    #####:  357:    state->discard[currentPlayer][state->discardCount[currentPlayer]++] = state->hand[currentPlayer][i];//Discard
    #####:  358:    state->hand[currentPlayer][i] = -1;//Set card to -1
        -:  359:  }
    #####:  360:  state->handCount[currentPlayer] = 0;//Reset hand count
        -:  361:    
        -:  362:  //Code for determining the player
    #####:  363:  if (currentPlayer < (state->numPlayers - 1)){ 
    #####:  364:    state->whoseTurn = currentPlayer + 1;//Still safe to increment
        -:  365:  }
        -:  366:  else{
    #####:  367:    state->whoseTurn = 0;//Max player has been reached, loop back around to player 1
        -:  368:  }
        -:  369:
    #####:  370:  state->outpostPlayed = 0;
    #####:  371:  state->phase = 0;
    #####:  372:  state->numActions = 1;
    #####:  373:  state->coins = 0;
    #####:  374:  state->numBuys = 1;
    #####:  375:  state->playedCardCount = 0;
    #####:  376:  state->handCount[state->whoseTurn] = 0;
        -:  377:
        -:  378:  //int k; move to top
        -:  379:  //Next player draws hand
    #####:  380:  for (k = 0; k < 5; k++){
    #####:  381:    drawCard(state->whoseTurn, state);//Draw a card
        -:  382:  }
        -:  383:
        -:  384:  //Update money
    #####:  385:  updateCoins(state->whoseTurn, state , 0);
        -:  386:
    #####:  387:  return 0;
        -:  388:}
        -:  389:
       60:  390:int isGameOver(struct gameState *state) {
        -:  391:  int i;
        -:  392:  int j;
        -:  393:	
        -:  394:  //if stack of Province cards is empty, the game ends
       60:  395:  if (state->supplyCount[province] == 0)
        -:  396:    {
        3:  397:      return 1;
        -:  398:    }
        -:  399:
        -:  400:  //if three supply pile are at 0, the game ends
       57:  401:  j = 0;
     1482:  402:  for (i = 0; i < 25; i++)
        -:  403:    {
     1425:  404:      if (state->supplyCount[i] == 0)
        -:  405:	{
      126:  406:	  j++;
        -:  407:	}
        -:  408:    }
       57:  409:  if ( j >= 3)
        -:  410:    {
       24:  411:      return 1;
        -:  412:    }
        -:  413:
       33:  414:  return 0;
        -:  415:}
        -:  416:
    #####:  417:int scoreFor (int player, struct gameState *state) {
        -:  418:
        -:  419:  int i;
    #####:  420:  int score = 0;
        -:  421:  //score from hand
    #####:  422:  for (i = 0; i < state->handCount[player]; i++)
        -:  423:    {
    #####:  424:      if (state->hand[player][i] == curse) { score = score - 1; };
    #####:  425:      if (state->hand[player][i] == estate) { score = score + 1; };
    #####:  426:      if (state->hand[player][i] == duchy) { score = score + 3; };
    #####:  427:      if (state->hand[player][i] == province) { score = score + 6; };
    #####:  428:      if (state->hand[player][i] == great_hall) { score = score + 1; };
    #####:  429:      if (state->hand[player][i] == gardens) { score = score + ( fullDeckCount(player, 0, state) / 10 ); };
        -:  430:    }
        -:  431:
        -:  432:  //score from discard
    #####:  433:  for (i = 0; i < state->discardCount[player]; i++)
        -:  434:    {
    #####:  435:      if (state->discard[player][i] == curse) { score = score - 1; };
    #####:  436:      if (state->discard[player][i] == estate) { score = score + 1; };
    #####:  437:      if (state->discard[player][i] == duchy) { score = score + 3; };
    #####:  438:      if (state->discard[player][i] == province) { score = score + 6; };
    #####:  439:      if (state->discard[player][i] == great_hall) { score = score + 1; };
    #####:  440:      if (state->discard[player][i] == gardens) { score = score + ( fullDeckCount(player, 0, state) / 10 ); };
        -:  441:    }
        -:  442:
        -:  443:  //score from deck
    #####:  444:  for (i = 0; i < state->discardCount[player]; i++)
        -:  445:    {
    #####:  446:      if (state->deck[player][i] == curse) { score = score - 1; };
    #####:  447:      if (state->deck[player][i] == estate) { score = score + 1; };
    #####:  448:      if (state->deck[player][i] == duchy) { score = score + 3; };
    #####:  449:      if (state->deck[player][i] == province) { score = score + 6; };
    #####:  450:      if (state->deck[player][i] == great_hall) { score = score + 1; };
    #####:  451:      if (state->deck[player][i] == gardens) { score = score + ( fullDeckCount(player, 0, state) / 10 ); };
        -:  452:    }
        -:  453:
    #####:  454:  return score;
        -:  455:}
        -:  456:
    #####:  457:int getWinners(int players[MAX_PLAYERS], struct gameState *state) {
        -:  458:  int i;	
        -:  459:  int j;
        -:  460:  int highScore;
        -:  461:  int currentPlayer;
        -:  462:
        -:  463:  //get score for each player
    #####:  464:  for (i = 0; i < MAX_PLAYERS; i++)
        -:  465:    {
        -:  466:      //set unused player scores to -9999
    #####:  467:      if (i >= state->numPlayers)
        -:  468:	{
    #####:  469:	  players[i] = -9999;
        -:  470:	}
        -:  471:      else
        -:  472:	{
    #####:  473:	  players[i] = scoreFor (i, state);
        -:  474:	}
        -:  475:    }
        -:  476:
        -:  477:  //find highest score
    #####:  478:  j = 0;
    #####:  479:  for (i = 0; i < MAX_PLAYERS; i++)
        -:  480:    {
    #####:  481:      if (players[i] > players[j])
        -:  482:	{
    #####:  483:	  j = i;
        -:  484:	}
        -:  485:    }
    #####:  486:  highScore = players[j];
        -:  487:
        -:  488:  //add 1 to players who had less turns
    #####:  489:  currentPlayer = whoseTurn(state);
    #####:  490:  for (i = 0; i < MAX_PLAYERS; i++)
        -:  491:    {
    #####:  492:      if ( players[i] == highScore && i > currentPlayer )
        -:  493:	{
    #####:  494:	  players[i]++;
        -:  495:	}
        -:  496:    }
        -:  497:
        -:  498:  //find new highest score
    #####:  499:  j = 0;
    #####:  500:  for (i = 0; i < MAX_PLAYERS; i++)
        -:  501:    {
    #####:  502:      if ( players[i] > players[j] )
        -:  503:	{
    #####:  504:	  j = i;
        -:  505:	}
        -:  506:    }
    #####:  507:  highScore = players[j];
        -:  508:
        -:  509:  //set winners in array to 1 and rest to 0
    #####:  510:  for (i = 0; i < MAX_PLAYERS; i++)
        -:  511:    {
    #####:  512:      if ( players[i] == highScore )
        -:  513:	{
    #####:  514:	  players[i] = 1;
        -:  515:	}
        -:  516:      else
        -:  517:	{
    #####:  518:	  players[i] = 0;
        -:  519:	}
        -:  520:    }
        -:  521:
    #####:  522:  return 0;
        -:  523:}
        -:  524:
       95:  525:int drawCard(int player, struct gameState *state)
        -:  526:{	int count;
        -:  527:  int deckCounter;
       95:  528:  if (state->deckCount[player] <= 0){//Deck is empty
        -:  529:    
        -:  530:    //Step 1 Shuffle the discard pile back into a deck
        -:  531:    int i;
        -:  532:    //Move discard to deck
    #####:  533:    for (i = 0; i < state->discardCount[player];i++){
    #####:  534:      state->deck[player][i] = state->discard[player][i];
    #####:  535:      state->discard[player][i] = -1;
        -:  536:    }
        -:  537:
    #####:  538:    state->deckCount[player] = state->discardCount[player];
    #####:  539:    state->discardCount[player] = 0;//Reset discard
        -:  540:
        -:  541:    //Shufffle the deck
    #####:  542:    shuffle(player, state);//Shuffle the deck up and make it so that we can draw
        -:  543:   
        -:  544:    if (DEBUG){//Debug statements
        -:  545:      printf("Deck count now: %d\n", state->deckCount[player]);
        -:  546:    }
        -:  547:    
    #####:  548:    state->discardCount[player] = 0;
        -:  549:
        -:  550:    //Step 2 Draw Card
    #####:  551:    count = state->handCount[player];//Get current player's hand count
        -:  552:    
        -:  553:    if (DEBUG){//Debug statements
        -:  554:      printf("Current hand count: %d\n", count);
        -:  555:    }
        -:  556:    
    #####:  557:    deckCounter = state->deckCount[player];//Create a holder for the deck count
        -:  558:
    #####:  559:    if (deckCounter == 0)
    #####:  560:      return -1;
        -:  561:
    #####:  562:    state->hand[player][count] = state->deck[player][deckCounter - 1];//Add card to hand
    #####:  563:    state->deckCount[player]--;
    #####:  564:    state->handCount[player]++;//Increment hand count
        -:  565:  }
        -:  566:
        -:  567:  else{
       95:  568:    int count = state->handCount[player];//Get current hand count for player
        -:  569:    int deckCounter;
        -:  570:    if (DEBUG){//Debug statements
        -:  571:      printf("Current hand count: %d\n", count);
        -:  572:    }
        -:  573:
       95:  574:    deckCounter = state->deckCount[player];//Create holder for the deck count
       95:  575:    state->hand[player][count] = state->deck[player][deckCounter - 1];//Add card to the hand
       95:  576:    state->deckCount[player]--;
       95:  577:    state->handCount[player]++;//Increment hand count
        -:  578:  }
        -:  579:
       95:  580:  return 0;
        -:  581:}
        -:  582:
       28:  583:int getCost(int cardNumber)
        -:  584:{
       28:  585:  switch( cardNumber ) 
        -:  586:    {
        -:  587:    case curse:
        1:  588:      return 0;
        -:  589:    case estate:
        1:  590:      return 2;
        -:  591:    case duchy:
        1:  592:      return 5;
        -:  593:    case province:
        1:  594:      return 8;
        -:  595:    case copper:
        1:  596:      return 0;
        -:  597:    case silver:
        1:  598:      return 3;
        -:  599:    case gold:
        1:  600:      return 6;
        -:  601:    case adventurer:
        1:  602:      return 6;
        -:  603:    case council_room:
        1:  604:      return 5;
        -:  605:    case feast:
        1:  606:      return 4;
        -:  607:    case gardens:
        1:  608:      return 4;
        -:  609:    case mine:
        1:  610:      return 5;
        -:  611:    case remodel:
        1:  612:      return 4;
        -:  613:    case smithy:
        1:  614:      return 4;
        -:  615:    case village:
        1:  616:      return 3;
        -:  617:    case baron:
        1:  618:      return 4;
        -:  619:    case great_hall:
        1:  620:      return 3;
        -:  621:    case minion:
        1:  622:      return 5;
        -:  623:    case steward:
        1:  624:      return 3;
        -:  625:    case tribute:
        1:  626:      return 5;
        -:  627:    case ambassador:
        1:  628:      return 3;
        -:  629:    case cutpurse:
        1:  630:      return 4;
        -:  631:    case embargo: 
        1:  632:      return 2;
        -:  633:    case outpost:
        1:  634:      return 5;
        -:  635:    case salvager:
        1:  636:      return 4;
        -:  637:    case sea_hag:
        1:  638:      return 4;
        -:  639:    case treasure_map:
        1:  640:      return 4;
        -:  641:    }
        -:  642:	
        1:  643:  return -1;
        -:  644:}
        -:  645:
    #####:  646:int adventurerfunc(int drawntreasure, struct gameState *state, int currentPlayer, int cardDrawn, int *temphand)
        -:  647:{
        -:  648:	//int z = 0; <- correct version
        -:  649:	int z; // <- bugged version
        -:  650:	
    #####:  651:	while(drawntreasure<2)
        -:  652:	{
    #####:  653:		if (state->deckCount[currentPlayer] <1)
        -:  654:		{//if the deck is empty we need to shuffle discard and add to deck
    #####:  655:			shuffle(currentPlayer, state);
        -:  656:		}
    #####:  657:		drawCard(currentPlayer, state);
    #####:  658:		cardDrawn = state->hand[currentPlayer][state->handCount[currentPlayer]-1];//top card of hand is most recently drawn card.
    #####:  659:		if (cardDrawn == copper || cardDrawn == silver || cardDrawn == gold)
    #####:  660:			drawntreasure++;
        -:  661:		else
        -:  662:		{
    #####:  663:			temphand[z]=cardDrawn;
    #####:  664:			state->handCount[currentPlayer]--; //this should just remove the top card (the most recently drawn one).
    #####:  665:			z++;
        -:  666:		}
        -:  667:    }
    #####:  668:    while(z-1>=0){
    #####:  669:		state->discard[currentPlayer][state->discardCount[currentPlayer]++]=temphand[z-1]; // discard all cards in play that have been drawn
    #####:  670:		z=z-1;
        -:  671:    }
    #####:  672:    return 0;
        -:  673:}
        -:  674:
    #####:  675:int smithyfunc(int currentPlayer, struct gameState *state, int handPos)
        -:  676:{
        -:  677:	int i;
        -:  678:
        -:  679:	//+3 Cards
    #####:  680:    for (i = 0; i < 3; i++)
        -:  681:	{
    #####:  682:		drawCard(currentPlayer, state);
        -:  683:	}
        -:  684:	
    #####:  685:	handPos++; //Introduced Bug. Causes wrong card to be discarded. To fix, delete this line.
        -:  686:	
        -:  687:    //discard card from hand
    #####:  688:    discardCard(handPos, currentPlayer, state, 0);
    #####:  689:    return 0;
        -:  690:}
        -:  691:
    #####:  692:int villagefunc(int currentPlayer, struct gameState *state, int handPos)
        -:  693:{
        -:  694:	//+1 Card
    #####:  695:	drawCard(currentPlayer, state);
        -:  696:			
        -:  697:	//+2 Actions
        -:  698:	//state->numActions = state->numActions + 2; // <- Correct Version
        -:  699:	
        -:  700:	//Bugged code, only gives +1 Action
    #####:  701:	state->numActions = state->numActions + 1; // <- Bugged Version
        -:  702:			
        -:  703:	//discard played card from hand
    #####:  704:	discardCard(handPos, currentPlayer, state, 0);
    #####:  705:    return 0;
        -:  706:}
        -:  707:
    #####:  708:int minefunc(struct gameState *state, int currentPlayer, int choice1, int choice2, int handPos)
        -:  709:{
        -:  710:	int i;
        -:  711:	int j;
        -:  712:	
    #####:  713:	j = state->hand[currentPlayer][choice1];  //store card we will trash
        -:  714:
    #####:  715:    if (state->hand[currentPlayer][choice1] < copper || state->hand[currentPlayer][choice1] > gold)
        -:  716:	{
    #####:  717:		return -1;
        -:  718:	}
        -:  719:		
    #####:  720:    if (choice2 > treasure_map || choice2 < curse)
        -:  721:	{
    #####:  722:		return -1;
        -:  723:	}
        -:  724:
        -:  725:    /*if ( (getCost(state->hand[currentPlayer][choice1]) + 3) > getCost(choice2) )
        -:  726:	{
        -:  727:		return -1;
        -:  728:	}*/ // <-Correct code
        -:  729:	
    #####:  730:	if ( (getCost(state->hand[currentPlayer][choice1]) + 2) > getCost(choice2) )
        -:  731:	{
    #####:  732:		return -1;
        -:  733:	} // <-Bugged Code
        -:  734:
    #####:  735:    gainCard(choice2, state, 2, currentPlayer);
        -:  736:
        -:  737:    //discard card from hand
    #####:  738:    discardCard(handPos, currentPlayer, state, 0);
        -:  739:
        -:  740:    //discard trashed card
    #####:  741:    for (i = 0; i < state->handCount[currentPlayer]; i++)
        -:  742:	{
    #####:  743:		if (state->hand[currentPlayer][i] == j)
        -:  744:	    {
    #####:  745:			discardCard(i, currentPlayer, state, 0);			
    #####:  746:			break;
        -:  747:	    }
        -:  748:	}
        -:  749:			
    #####:  750:    return 0;
        -:  751:				
        -:  752:}
        -:  753:
    #####:  754:int council_roomfunc(int currentPlayer, struct gameState *state, int handPos)
        -:  755:{
        -:  756:	int i;
        -:  757:	//+4 Cards
    #####:  758:    for (i = 0; i < 4; i++)
        -:  759:	{
    #####:  760:		drawCard(currentPlayer, state);
        -:  761:	}
        -:  762:			
        -:  763:    //+1 Buy
    #####:  764:    state->numBuys++;
        -:  765:			
        -:  766:    //Each other player draws a card
    #####:  767:    for (i = 0; i < state->numPlayers; i++)
        -:  768:	{
    #####:  769:		if ( i != currentPlayer )
        -:  770:	    {
    #####:  771:			drawCard(i, state);
        -:  772:	    }
        -:  773:	}
        -:  774:			
        -:  775:    //put played card in played card pile
    #####:  776:    discardCard(handPos, currentPlayer, state, 0);
        -:  777:			
    #####:  778:    return 0;
        -:  779:}
        -:  780:
    #####:  781:int cardEffect(int card, int choice1, int choice2, int choice3, struct gameState *state, int handPos, int *bonus)
        -:  782:{
        -:  783:  int i;
        -:  784:  int j;
        -:  785:  int k;
        -:  786:  int x;
        -:  787:  int index;
    #####:  788:  int currentPlayer = whoseTurn(state);
    #####:  789:  int nextPlayer = currentPlayer + 1;
        -:  790:
    #####:  791:  int tributeRevealedCards[2] = {-1, -1};
        -:  792:  int temphand[MAX_HAND];// moved above the if statement
    #####:  793:  int drawntreasure=0;
    #####:  794:  int cardDrawn = 0;
    #####:  795:  int z = 0;// this is the counter for the temp hand
    #####:  796:  if (nextPlayer > (state->numPlayers - 1)){
    #####:  797:    nextPlayer = 0;
        -:  798:  }
        -:  799:  
        -:  800:	
        -:  801:  //uses switch to select card and perform actions
    #####:  802:  switch( card ) 
        -:  803:    {
        -:  804:    case adventurer:
        -:  805:	/*	while(drawntreasure<2)
        -:  806:		{
        -:  807:			if (state->deckCount[currentPlayer] <1)
        -:  808:			{//if the deck is empty we need to shuffle discard and add to deck
        -:  809:				shuffle(currentPlayer, state);
        -:  810:			}
        -:  811:			drawCard(currentPlayer, state);
        -:  812:			cardDrawn = state->hand[currentPlayer][state->handCount[currentPlayer]-1];//top card of hand is most recently drawn card.
        -:  813:			if (cardDrawn == copper || cardDrawn == silver || cardDrawn == gold)
        -:  814:				drawntreasure++;
        -:  815:			else
        -:  816:			{
        -:  817:				temphand[z]=cardDrawn;
        -:  818:				state->handCount[currentPlayer]--; //this should just remove the top card (the most recently drawn one).
        -:  819:				z++;
        -:  820:			}
        -:  821:		}
        -:  822:		while(z-1>=0)
        -:  823:		{
        -:  824:			state->discard[currentPlayer][state->discardCount[currentPlayer]++]=temphand[z-1]; // discard all cards in play that have been drawn
        -:  825:			z=z-1;
        -:  826:		}
        -:  827:		return 0; */
        -:  828:	
    #####:  829:		return adventurerfunc(drawntreasure, state, currentPlayer, cardDrawn, temphand);
        -:  830:	
        -:  831:    case council_room:
        -:  832:    /*  //+4 Cards
        -:  833:      for (i = 0; i < 4; i++)
        -:  834:	{
        -:  835:	  drawCard(currentPlayer, state);
        -:  836:	}
        -:  837:			
        -:  838:      //+1 Buy
        -:  839:      state->numBuys++;
        -:  840:			
        -:  841:      //Each other player draws a card
        -:  842:      for (i = 0; i < state->numPlayers; i++)
        -:  843:	{
        -:  844:	  if ( i != currentPlayer )
        -:  845:	    {
        -:  846:	      drawCard(i, state);
        -:  847:	    }
        -:  848:	}
        -:  849:			
        -:  850:      //put played card in played card pile
        -:  851:      discardCard(handPos, currentPlayer, state, 0);
        -:  852:			
        -:  853:      return 0; */
        -:  854:	  
    #####:  855:		return council_roomfunc(currentPlayer, state, handPos);
        -:  856:			
        -:  857:    case feast:
        -:  858:      //gain card with cost up to 5
        -:  859:      //Backup hand
    #####:  860:      for (i = 0; i <= state->handCount[currentPlayer]; i++){
    #####:  861:	temphand[i] = state->hand[currentPlayer][i];//Backup card
    #####:  862:	state->hand[currentPlayer][i] = -1;//Set to nothing
        -:  863:      }
        -:  864:      //Backup hand
        -:  865:
        -:  866:      //Update Coins for Buy
    #####:  867:      updateCoins(currentPlayer, state, 5);
    #####:  868:      x = 1;//Condition to loop on
    #####:  869:      while( x == 1) {//Buy one card
    #####:  870:	if (supplyCount(choice1, state) <= 0){
        -:  871:	  if (DEBUG)
        -:  872:	    printf("None of that card left, sorry!\n");
        -:  873:
        -:  874:	  if (DEBUG){
        -:  875:	    printf("Cards Left: %d\n", supplyCount(choice1, state));
        -:  876:	  }
        -:  877:	}
    #####:  878:	else if (state->coins < getCost(choice1)){
    #####:  879:	  printf("That card is too expensive!\n");
        -:  880:
        -:  881:	  if (DEBUG){
        -:  882:	    printf("Coins: %d < %d\n", state->coins, getCost(choice1));
        -:  883:	  }
        -:  884:	}
        -:  885:	else{
        -:  886:
        -:  887:	  if (DEBUG){
        -:  888:	    printf("Deck Count: %d\n", state->handCount[currentPlayer] + state->deckCount[currentPlayer] + state->discardCount[currentPlayer]);
        -:  889:	  }
        -:  890:
    #####:  891:	  gainCard(choice1, state, 0, currentPlayer);//Gain the card
    #####:  892:	  x = 0;//No more buying cards
        -:  893:
        -:  894:	  if (DEBUG){
        -:  895:	    printf("Deck Count: %d\n", state->handCount[currentPlayer] + state->deckCount[currentPlayer] + state->discardCount[currentPlayer]);
        -:  896:	  }
        -:  897:
        -:  898:	}
        -:  899:      }     
        -:  900:
        -:  901:      //Reset Hand
    #####:  902:      for (i = 0; i <= state->handCount[currentPlayer]; i++){
    #####:  903:	state->hand[currentPlayer][i] = temphand[i];
    #####:  904:	temphand[i] = -1;
        -:  905:      }
        -:  906:      //Reset Hand
        -:  907:      			
    #####:  908:      return 0;
        -:  909:			
        -:  910:    case gardens:
    #####:  911:      return -1;
        -:  912:			
        -:  913:    case mine:
        -:  914:    /*  j = state->hand[currentPlayer][choice1];  //store card we will trash
        -:  915:
        -:  916:      if (state->hand[currentPlayer][choice1] < copper || state->hand[currentPlayer][choice1] > gold)
        -:  917:	{
        -:  918:	  return -1;
        -:  919:	}
        -:  920:		
        -:  921:      if (choice2 > treasure_map || choice2 < curse)
        -:  922:	{
        -:  923:	  return -1;
        -:  924:	}
        -:  925:
        -:  926:      if ( (getCost(state->hand[currentPlayer][choice1]) + 3) > getCost(choice2) )
        -:  927:	{
        -:  928:	  return -1;
        -:  929:	}
        -:  930:
        -:  931:      gainCard(choice2, state, 2, currentPlayer);
        -:  932:
        -:  933:      //discard card from hand
        -:  934:      discardCard(handPos, currentPlayer, state, 0);
        -:  935:
        -:  936:      //discard trashed card
        -:  937:      for (i = 0; i < state->handCount[currentPlayer]; i++)
        -:  938:	{
        -:  939:	  if (state->hand[currentPlayer][i] == j)
        -:  940:	    {
        -:  941:	      discardCard(i, currentPlayer, state, 0);			
        -:  942:	      break;
        -:  943:	    }
        -:  944:	}
        -:  945:			
        -:  946:      return 0; */
        -:  947:	  
    #####:  948:		return minefunc(state, currentPlayer, choice1, choice2, handPos);
        -:  949:			
        -:  950:    case remodel:
    #####:  951:      j = state->hand[currentPlayer][choice1];  //store card we will trash
        -:  952:
    #####:  953:      if ( (getCost(state->hand[currentPlayer][choice1]) + 2) > getCost(choice2) )
        -:  954:	{
    #####:  955:	  return -1;
        -:  956:	}
        -:  957:
    #####:  958:      gainCard(choice2, state, 0, currentPlayer);
        -:  959:
        -:  960:      //discard card from hand
    #####:  961:      discardCard(handPos, currentPlayer, state, 0);
        -:  962:
        -:  963:      //discard trashed card
    #####:  964:      for (i = 0; i < state->handCount[currentPlayer]; i++)
        -:  965:	{
    #####:  966:	  if (state->hand[currentPlayer][i] == j)
        -:  967:	    {
    #####:  968:	      discardCard(i, currentPlayer, state, 0);			
    #####:  969:	      break;
        -:  970:	    }
        -:  971:	}
        -:  972:
        -:  973:
    #####:  974:      return 0;
        -:  975:		
        -:  976:    case smithy:
        -:  977:      //+3 Cards
        -:  978:    /*  for (i = 0; i < 3; i++)
        -:  979:	{
        -:  980:	  drawCard(currentPlayer, state);
        -:  981:	}
        -:  982:			
        -:  983:      //discard card from hand
        -:  984:      discardCard(handPos, currentPlayer, state, 0);
        -:  985:      return 0; */
        -:  986:	  
    #####:  987:		return smithyfunc(currentPlayer, state, handPos);
        -:  988:		
        -:  989:    case village:
        -:  990:    /*  //+1 Card
        -:  991:      drawCard(currentPlayer, state);
        -:  992:			
        -:  993:      //+2 Actions
        -:  994:      state->numActions = state->numActions + 2;
        -:  995:			
        -:  996:      //discard played card from hand
        -:  997:      discardCard(handPos, currentPlayer, state, 0);
        -:  998:      return 0; */
        -:  999:	  
    #####: 1000:		return villagefunc(currentPlayer, state, handPos);
        -: 1001:		
        -: 1002:    case baron:
    #####: 1003:		state->numBuys++;//Increase buys by 1!
    #####: 1004:		if (choice1 > 0){//Boolean true or going to discard an estate
    #####: 1005:			int p = 0;//Iterator for hand!
    #####: 1006:			int card_not_discarded = 1;//Flag for discard set!
    #####: 1007:			while(card_not_discarded){
    #####: 1008:			if (state->hand[currentPlayer][p] == estate){//Found an estate card!
    #####: 1009:				state->coins += 4;//Add 4 coins to the amount of coins
    #####: 1010:				state->discard[currentPlayer][state->discardCount[currentPlayer]] = state->hand[currentPlayer][p];
    #####: 1011:				state->discardCount[currentPlayer]++;
    #####: 1012:				for (;p < state->handCount[currentPlayer]; p++){
    #####: 1013:					state->hand[currentPlayer][p] = state->hand[currentPlayer][p+1];
        -: 1014:				}
    #####: 1015:				state->hand[currentPlayer][state->handCount[currentPlayer]] = -1;
    #####: 1016:				state->handCount[currentPlayer]--;
    #####: 1017:				card_not_discarded = 0;//Exit the loop
        -: 1018:			}
    #####: 1019:			else if (p > state->handCount[currentPlayer]){
        -: 1020:				if(DEBUG) {
        -: 1021:					printf("No estate cards in your hand, invalid choice\n");
        -: 1022:					printf("Must gain an estate if there are any\n");
        -: 1023:				}
    #####: 1024:				if (supplyCount(estate, state) > 0){
    #####: 1025:					gainCard(estate, state, 0, currentPlayer);
    #####: 1026:					state->supplyCount[estate]--;//Decrement estates
    #####: 1027:					if (supplyCount(estate, state) == 0){
    #####: 1028:						isGameOver(state);
        -: 1029:					}
        -: 1030:				}
    #####: 1031:				card_not_discarded = 0;//Exit the loop
        -: 1032:			}
        -: 1033:			    
        -: 1034:			else{
    #####: 1035:				p++;//Next card
        -: 1036:			}
        -: 1037:			}
        -: 1038:		}
        -: 1039:			    
        -: 1040:		else{
    #####: 1041:			if (supplyCount(estate, state) > 0){
    #####: 1042:				gainCard(estate, state, 0, currentPlayer);//Gain an estate
    #####: 1043:				state->supplyCount[estate]--;//Decrement Estates
    #####: 1044:				if (supplyCount(estate, state) == 0){
    #####: 1045:					isGameOver(state);
        -: 1046:				}
        -: 1047:			}
        -: 1048:		}
        -: 1049:	    
        -: 1050:      
    #####: 1051:		return 0;
        -: 1052:		
        -: 1053:    case great_hall:
        -: 1054:      //+1 Card
    #####: 1055:      drawCard(currentPlayer, state);
        -: 1056:			
        -: 1057:      //+1 Actions
    #####: 1058:      state->numActions++;
        -: 1059:			
        -: 1060:      //discard card from hand
    #####: 1061:      discardCard(handPos, currentPlayer, state, 0);
    #####: 1062:      return 0;
        -: 1063:		
        -: 1064:    case minion:
        -: 1065:      //+1 action
    #####: 1066:      state->numActions++;
        -: 1067:			
        -: 1068:      //discard card from hand
    #####: 1069:      discardCard(handPos, currentPlayer, state, 0);
        -: 1070:			
    #####: 1071:      if (choice1)		//+2 coins
        -: 1072:	{
    #####: 1073:	  state->coins = state->coins + 2;
        -: 1074:	}
        -: 1075:			
    #####: 1076:      else if (choice2)		//discard hand, redraw 4, other players with 5+ cards discard hand and draw 4
        -: 1077:	{
        -: 1078:	  //discard hand
    #####: 1079:	  while(numHandCards(state) > 0)
        -: 1080:	    {
    #####: 1081:	      discardCard(handPos, currentPlayer, state, 0);
        -: 1082:	    }
        -: 1083:				
        -: 1084:	  //draw 4
    #####: 1085:	  for (i = 0; i < 4; i++)
        -: 1086:	    {
    #####: 1087:	      drawCard(currentPlayer, state);
        -: 1088:	    }
        -: 1089:				
        -: 1090:	  //other players discard hand and redraw if hand size > 4
    #####: 1091:	  for (i = 0; i < state->numPlayers; i++)
        -: 1092:	    {
    #####: 1093:	      if (i != currentPlayer)
        -: 1094:		{
    #####: 1095:		  if ( state->handCount[i] > 4 )
        -: 1096:		    {
        -: 1097:		      //discard hand
    #####: 1098:		      while( state->handCount[i] > 0 )
        -: 1099:			{
    #####: 1100:			  discardCard(handPos, i, state, 0);
        -: 1101:			}
        -: 1102:							
        -: 1103:		      //draw 4
    #####: 1104:		      for (j = 0; j < 4; j++)
        -: 1105:			{
    #####: 1106:			  drawCard(i, state);
        -: 1107:			}
        -: 1108:		    }
        -: 1109:		}
        -: 1110:	    }
        -: 1111:				
        -: 1112:	}
    #####: 1113:      return 0;
        -: 1114:		
        -: 1115:    case steward:
    #####: 1116:      if (choice1 == 1)
        -: 1117:	{
        -: 1118:	  //+2 cards
    #####: 1119:	  drawCard(currentPlayer, state);
    #####: 1120:	  drawCard(currentPlayer, state);
        -: 1121:	}
    #####: 1122:      else if (choice1 == 2)
        -: 1123:	{
        -: 1124:	  //+2 coins
    #####: 1125:	  state->coins = state->coins + 2;
        -: 1126:	}
        -: 1127:      else
        -: 1128:	{
        -: 1129:	  //trash 2 cards in hand
    #####: 1130:	  discardCard(choice2, currentPlayer, state, 1);
    #####: 1131:	  discardCard(choice3, currentPlayer, state, 1);
        -: 1132:	}
        -: 1133:			
        -: 1134:      //discard card from hand
    #####: 1135:      discardCard(handPos, currentPlayer, state, 0);
    #####: 1136:      return 0;
        -: 1137:		
        -: 1138:    case tribute:
    #####: 1139:      if ((state->discardCount[nextPlayer] + state->deckCount[nextPlayer]) <= 1){
    #####: 1140:	if (state->deckCount[nextPlayer] > 0){
    #####: 1141:	  tributeRevealedCards[0] = state->deck[nextPlayer][state->deckCount[nextPlayer]-1];
    #####: 1142:	  state->deckCount[nextPlayer]--;
        -: 1143:	}
    #####: 1144:	else if (state->discardCount[nextPlayer] > 0){
    #####: 1145:	  tributeRevealedCards[0] = state->discard[nextPlayer][state->discardCount[nextPlayer]-1];
    #####: 1146:	  state->discardCount[nextPlayer]--;
        -: 1147:	}
        -: 1148:	else{
        -: 1149:	  //No Card to Reveal
        -: 1150:	  if (DEBUG){
        -: 1151:	    printf("No cards to reveal\n");
        -: 1152:	  }
        -: 1153:	}
        -: 1154:      }
        -: 1155:	    
        -: 1156:      else{
    #####: 1157:	if (state->deckCount[nextPlayer] == 0){
    #####: 1158:	  for (i = 0; i < state->discardCount[nextPlayer]; i++){
    #####: 1159:	    state->deck[nextPlayer][i] = state->discard[nextPlayer][i];//Move to deck
    #####: 1160:	    state->deckCount[nextPlayer]++;
    #####: 1161:	    state->discard[nextPlayer][i] = -1;
    #####: 1162:	    state->discardCount[nextPlayer]--;
        -: 1163:	  }
        -: 1164:			    
    #####: 1165:	  shuffle(nextPlayer,state);//Shuffle the deck
        -: 1166:	} 
    #####: 1167:	tributeRevealedCards[0] = state->deck[nextPlayer][state->deckCount[nextPlayer]-1];
    #####: 1168:	state->deck[nextPlayer][state->deckCount[nextPlayer]--] = -1;
    #####: 1169:	state->deckCount[nextPlayer]--;
    #####: 1170:	tributeRevealedCards[1] = state->deck[nextPlayer][state->deckCount[nextPlayer]-1];
    #####: 1171:	state->deck[nextPlayer][state->deckCount[nextPlayer]--] = -1;
    #####: 1172:	state->deckCount[nextPlayer]--;
        -: 1173:      }    
        -: 1174:		       
    #####: 1175:      if (tributeRevealedCards[0] == tributeRevealedCards[1]){//If we have a duplicate card, just drop one 
    #####: 1176:	state->playedCards[state->playedCardCount] = tributeRevealedCards[1];
    #####: 1177:	state->playedCardCount++;
    #####: 1178:	tributeRevealedCards[1] = -1;
        -: 1179:      }
        -: 1180:
    #####: 1181:      for (i = 0; i <= 2; i ++){
    #####: 1182:	if (tributeRevealedCards[i] == copper || tributeRevealedCards[i] == silver || tributeRevealedCards[i] == gold){//Treasure cards
    #####: 1183:	  state->coins += 2;
        -: 1184:	}
        -: 1185:		    
    #####: 1186:	else if (tributeRevealedCards[i] == estate || tributeRevealedCards[i] == duchy || tributeRevealedCards[i] == province || tributeRevealedCards[i] == gardens || tributeRevealedCards[i] == great_hall){//Victory Card Found
    #####: 1187:	  drawCard(currentPlayer, state);
    #####: 1188:	  drawCard(currentPlayer, state);
        -: 1189:	}
        -: 1190:	else{//Action Card
    #####: 1191:	  state->numActions = state->numActions + 2;
        -: 1192:	}
        -: 1193:      }
        -: 1194:	    
    #####: 1195:      return 0;
        -: 1196:		
        -: 1197:    case ambassador:
    #####: 1198:      j = 0;		//used to check if player has enough cards to discard
        -: 1199:
    #####: 1200:      if (choice2 > 2 || choice2 < 0)
        -: 1201:	{
    #####: 1202:	  return -1;				
        -: 1203:	}
        -: 1204:
    #####: 1205:      if (choice1 == handPos)
        -: 1206:	{
    #####: 1207:	  return -1;
        -: 1208:	}
        -: 1209:
    #####: 1210:      for (i = 0; i < state->handCount[currentPlayer]; i++)
        -: 1211:	{
    #####: 1212:	  if (i != handPos && i == state->hand[currentPlayer][choice1] && i != choice1)
        -: 1213:	    {
    #####: 1214:	      j++;
        -: 1215:	    }
        -: 1216:	}
    #####: 1217:      if (j < choice2)
        -: 1218:	{
    #####: 1219:	  return -1;				
        -: 1220:	}
        -: 1221:
        -: 1222:      if (DEBUG) 
        -: 1223:	printf("Player %d reveals card number: %d\n", currentPlayer, state->hand[currentPlayer][choice1]);
        -: 1224:
        -: 1225:      //increase supply count for choosen card by amount being discarded
    #####: 1226:      state->supplyCount[state->hand[currentPlayer][choice1]] += choice2;
        -: 1227:			
        -: 1228:      //each other player gains a copy of revealed card
    #####: 1229:      for (i = 0; i < state->numPlayers; i++)
        -: 1230:	{
    #####: 1231:	  if (i != currentPlayer)
        -: 1232:	    {
    #####: 1233:	      gainCard(state->hand[currentPlayer][choice1], state, 0, i);
        -: 1234:	    }
        -: 1235:	}
        -: 1236:
        -: 1237:      //discard played card from hand
    #####: 1238:      discardCard(handPos, currentPlayer, state, 0);			
        -: 1239:
        -: 1240:      //trash copies of cards returned to supply
    #####: 1241:      for (j = 0; j < choice2; j++)
        -: 1242:	{
    #####: 1243:	  for (i = 0; i < state->handCount[currentPlayer]; i++)
        -: 1244:	    {
    #####: 1245:	      if (state->hand[currentPlayer][i] == state->hand[currentPlayer][choice1])
        -: 1246:		{
    #####: 1247:		  discardCard(i, currentPlayer, state, 1);
    #####: 1248:		  break;
        -: 1249:		}
        -: 1250:	    }
        -: 1251:	}			
        -: 1252:
    #####: 1253:      return 0;
        -: 1254:		
        -: 1255:    case cutpurse:
        -: 1256:
    #####: 1257:      updateCoins(currentPlayer, state, 2);
    #####: 1258:      for (i = 0; i < state->numPlayers; i++)
        -: 1259:	{
    #####: 1260:	  if (i != currentPlayer)
        -: 1261:	    {
    #####: 1262:	      for (j = 0; j < state->handCount[i]; j++)
        -: 1263:		{
    #####: 1264:		  if (state->hand[i][j] == copper)
        -: 1265:		    {
    #####: 1266:		      discardCard(j, i, state, 0);
    #####: 1267:		      break;
        -: 1268:		    }
    #####: 1269:		  if (j == state->handCount[i])
        -: 1270:		    {
    #####: 1271:		      for (k = 0; k < state->handCount[i]; k++)
        -: 1272:			{
        -: 1273:			  if (DEBUG)
        -: 1274:			    printf("Player %d reveals card number %d\n", i, state->hand[i][k]);
        -: 1275:			}	
    #####: 1276:		      break;
        -: 1277:		    }		
        -: 1278:		}
        -: 1279:					
        -: 1280:	    }
        -: 1281:				
        -: 1282:	}				
        -: 1283:
        -: 1284:      //discard played card from hand
    #####: 1285:      discardCard(handPos, currentPlayer, state, 0);			
        -: 1286:
    #####: 1287:      return 0;
        -: 1288:
        -: 1289:		
        -: 1290:    case embargo: 
        -: 1291:      //+2 Coins
    #####: 1292:      state->coins = state->coins + 2;
        -: 1293:			
        -: 1294:      //see if selected pile is in play
    #####: 1295:      if ( state->supplyCount[choice1] == -1 )
        -: 1296:	{
    #####: 1297:	  return -1;
        -: 1298:	}
        -: 1299:			
        -: 1300:      //add embargo token to selected supply pile
    #####: 1301:      state->embargoTokens[choice1]++;
        -: 1302:			
        -: 1303:      //trash card
    #####: 1304:      discardCard(handPos, currentPlayer, state, 1);		
    #####: 1305:      return 0;
        -: 1306:		
        -: 1307:    case outpost:
        -: 1308:      //set outpost flag
    #####: 1309:      state->outpostPlayed++;
        -: 1310:			
        -: 1311:      //discard card
    #####: 1312:      discardCard(handPos, currentPlayer, state, 0);
    #####: 1313:      return 0;
        -: 1314:		
        -: 1315:    case salvager:
        -: 1316:      //+1 buy
    #####: 1317:      state->numBuys++;
        -: 1318:			
    #####: 1319:      if (choice1)
        -: 1320:	{
        -: 1321:	  //gain coins equal to trashed card
    #####: 1322:	  state->coins = state->coins + getCost( handCard(choice1, state) );
        -: 1323:	  //trash card
    #####: 1324:	  discardCard(choice1, currentPlayer, state, 1);	
        -: 1325:	}
        -: 1326:			
        -: 1327:      //discard card
    #####: 1328:      discardCard(handPos, currentPlayer, state, 0);
    #####: 1329:      return 0;
        -: 1330:		
        -: 1331:    case sea_hag:
    #####: 1332:      for (i = 0; i < state->numPlayers; i++){
    #####: 1333:	if (i != currentPlayer){
    #####: 1334:	  state->discard[i][state->discardCount[i]] = state->deck[i][state->deckCount[i]--];			    state->deckCount[i]--;
    #####: 1335:	  state->discardCount[i]++;
    #####: 1336:	  state->deck[i][state->deckCount[i]--] = curse;//Top card now a curse
        -: 1337:	}
        -: 1338:      }
    #####: 1339:      return 0;
        -: 1340:		
        -: 1341:    case treasure_map:
        -: 1342:      //search hand for another treasure_map
    #####: 1343:      index = -1;
    #####: 1344:      for (i = 0; i < state->handCount[currentPlayer]; i++)
        -: 1345:	{
    #####: 1346:	  if (state->hand[currentPlayer][i] == treasure_map && i != handPos)
        -: 1347:	    {
    #####: 1348:	      index = i;
    #####: 1349:	      break;
        -: 1350:	    }
        -: 1351:	}
    #####: 1352:      if (index > -1)
        -: 1353:	{
        -: 1354:	  //trash both treasure cards
    #####: 1355:	  discardCard(handPos, currentPlayer, state, 1);
    #####: 1356:	  discardCard(index, currentPlayer, state, 1);
        -: 1357:
        -: 1358:	  //gain 4 Gold cards
    #####: 1359:	  for (i = 0; i < 4; i++)
        -: 1360:	    {
    #####: 1361:	      gainCard(gold, state, 1, currentPlayer);
        -: 1362:	    }
        -: 1363:				
        -: 1364:	  //return success
    #####: 1365:	  return 1;
        -: 1366:	}
        -: 1367:			
        -: 1368:      //no second treasure_map found in hand
    #####: 1369:      return -1;
        -: 1370:    }
        -: 1371:	
    #####: 1372:  return -1;
        -: 1373:}
        -: 1374:
       47: 1375:int discardCard(int handPos, int currentPlayer, struct gameState *state, int trashFlag)
        -: 1376:{
        -: 1377:	
        -: 1378:  //if card is not trashed, added to Played pile 
       47: 1379:  if (trashFlag < 1)
        -: 1380:    {
        -: 1381:      //add card to played pile
       46: 1382:      state->playedCards[state->playedCardCount] = state->hand[currentPlayer][handPos]; 
       46: 1383:      state->playedCardCount++;
        -: 1384:    }
        -: 1385:	
        -: 1386:  //set played card to -1
       47: 1387:  state->hand[currentPlayer][handPos] = -1;
        -: 1388:	
        -: 1389:  //remove card from player's hand
       47: 1390:  if ( handPos == (state->handCount[currentPlayer] - 1) ) 	//last card in hand array is played
        -: 1391:    {
        -: 1392:      //reduce number of cards in hand
       11: 1393:      state->handCount[currentPlayer]--;
        -: 1394:    }
       36: 1395:  else if ( state->handCount[currentPlayer] == 1 ) //only one card in hand
        -: 1396:    {
        -: 1397:      //reduce number of cards in hand
    #####: 1398:      state->handCount[currentPlayer]--;
        -: 1399:    }
        -: 1400:  else 	
        -: 1401:    {
        -: 1402:      //replace discarded card with last card in hand
       36: 1403:      state->hand[currentPlayer][handPos] = state->hand[currentPlayer][ (state->handCount[currentPlayer] - 1)];
        -: 1404:      //set last card to -1
       36: 1405:      state->hand[currentPlayer][state->handCount[currentPlayer] - 1] = -1;
        -: 1406:      //reduce number of cards in hand
       36: 1407:      state->handCount[currentPlayer]--;
        -: 1408:    }
        -: 1409:	
       47: 1410:  return 0;
        -: 1411:}
        -: 1412:
      515: 1413:int gainCard(int supplyPos, struct gameState *state, int toFlag, int player)
        -: 1414:{
        -: 1415:  //Note: supplyPos is enum of choosen card
        -: 1416:	
        -: 1417:  //check if supply pile is empty (0) or card is not used in game (-1)
      515: 1418:  if ( supplyCount(supplyPos, state) < 1 )
        -: 1419:    {
       29: 1420:      return -1;
        -: 1421:    }
        -: 1422:	
        -: 1423:  //added card for [whoseTurn] current player:
        -: 1424:  // toFlag = 0 : add to discard
        -: 1425:  // toFlag = 1 : add to deck
        -: 1426:  // toFlag = 2 : add to hand
        -: 1427:
      486: 1428:  if (toFlag == 1)
        -: 1429:    {
      162: 1430:      state->deck[ player ][ state->deckCount[player] ] = supplyPos;
      162: 1431:      state->deckCount[player]++;
        -: 1432:    }
      324: 1433:  else if (toFlag == 2)
        -: 1434:    {
      162: 1435:      state->hand[ player ][ state->handCount[player] ] = supplyPos;
      162: 1436:      state->handCount[player]++;
        -: 1437:    }
        -: 1438:  else
        -: 1439:    {
      162: 1440:      state->discard[player][ state->discardCount[player] ] = supplyPos;
      162: 1441:      state->discardCount[player]++;
        -: 1442:    }
        -: 1443:	
        -: 1444:  //decrease number in supply pile
      486: 1445:  state->supplyCount[supplyPos]--;
        -: 1446:	 
      486: 1447:  return 0;
        -: 1448:}
        -: 1449:
       19: 1450:int updateCoins(int player, struct gameState *state, int bonus)
        -: 1451:{
        -: 1452:  int i;
        -: 1453:	
        -: 1454:  //reset coin count
       19: 1455:  state->coins = 0;
        -: 1456:
        -: 1457:  //add coins for each Treasure card in player's hand
      114: 1458:  for (i = 0; i < state->handCount[player]; i++)
        -: 1459:    {
       95: 1460:      if (state->hand[player][i] == copper)
        -: 1461:	{
       76: 1462:	  state->coins += 1;
        -: 1463:	}
       19: 1464:      else if (state->hand[player][i] == silver)
        -: 1465:	{
    #####: 1466:	  state->coins += 2;
        -: 1467:	}
       19: 1468:      else if (state->hand[player][i] == gold)
        -: 1469:	{
    #####: 1470:	  state->coins += 3;
        -: 1471:	}	
        -: 1472:    }	
        -: 1473:
        -: 1474:  //add bonus
       19: 1475:  state->coins += bonus;
        -: 1476:
       19: 1477:  return 0;
        -: 1478:}
        -: 1479:
        -: 1480:
        -: 1481://end of dominion.c
